F:\CODESPACE\BOOSTPROJECT\ARGUMATRIX\PARSER\X64\RELEASE\PARSER_MAIN.OBJ
F:\CODESPACE\BOOSTPROJECT\ARGUMATRIX\PARSER\X64\RELEASE\VC110.PDB
F:\CODESPACE\BOOSTPROJECT\ARGUMATRIX - 20160523\PARSER\X64\RELEASE\PARSER_MAIN.OBJ
F:\CODESPACE\BOOSTPROJECT\ARGUMATRIX - 20160523\PARSER\X64\RELEASE\VC110.PDB
F:\CODESPACE\BOOSTPROJECT\ARGUMATRIX\X64\RELEASE\PARSER.EXE
F:\CODESPACE\BOOSTPROJECT\ARGUMATRIX\X64\RELEASE\PARSER.PDB
F:\CODESPACE\BOOSTPROJECT\ARGUMATRIX - 20160523\X64\RELEASE\PARSER.EXE
F:\CODESPACE\BOOSTPROJECT\ARGUMATRIX - 20160523\X64\RELEASE\PARSER.PDB
F:\Codespace\BoostProject\argumatrix - 20160523\parser\x64\Release\parser_main.obj
F:\Codespace\BoostProject\argumatrix - 20160523\parser\x64\Release\cl.command.1.tlog
F:\Codespace\BoostProject\argumatrix - 20160523\parser\x64\Release\CL.read.1.tlog
F:\Codespace\BoostProject\argumatrix - 20160523\parser\x64\Release\CL.write.1.tlog
F:\Codespace\BoostProject\argumatrix - 20160523\parser\x64\Release\link-cvtres.read.1.tlog
F:\Codespace\BoostProject\argumatrix - 20160523\parser\x64\Release\link-cvtres.write.1.tlog
F:\Codespace\BoostProject\argumatrix - 20160523\parser\x64\Release\link-rc.read.1.tlog
F:\Codespace\BoostProject\argumatrix - 20160523\parser\x64\Release\link-rc.write.1.tlog
F:\Codespace\BoostProject\argumatrix - 20160523\parser\x64\Release\link.command.1.tlog
F:\Codespace\BoostProject\argumatrix - 20160523\parser\x64\Release\link.read.1.tlog
F:\Codespace\BoostProject\argumatrix - 20160523\parser\x64\Release\link.write.1.tlog
F:\Codespace\BoostProject\argumatrix - 20160523\parser\x64\Release\vc110.pdb
F:\Codespace\BoostProject\argumatrix - 20160523\x64\Release\parser.pdb
F:\Codespace\BoostProject\argumatrix - 20160523\x64\Release\parser.exe
