F:\CODESPACE\BOOSTPROJECT\ARGUMATRIX\PLREASONER\X64\RELEASE\PL_MAIN.OBJ
F:\CODESPACE\BOOSTPROJECT\ARGUMATRIX\PLREASONER\X64\RELEASE\VC110.PDB
F:\CODESPACE\BOOSTPROJECT\ARGUMATRIX - 20160523\PLREASONER\X64\RELEASE\PL_MAIN.OBJ
F:\CODESPACE\BOOSTPROJECT\ARGUMATRIX - 20160523\PLREASONER\X64\RELEASE\VC110.PDB
F:\CODESPACE\BOOSTPROJECT\ARGUMATRIX\X64\RELEASE\PLREASONER.EXE
F:\CODESPACE\BOOSTPROJECT\ARGUMATRIX\X64\RELEASE\PLREASONER.PDB
F:\CODESPACE\BOOSTPROJECT\ARGUMATRIX - 20160523\X64\RELEASE\PLREASONER.EXE
F:\CODESPACE\BOOSTPROJECT\ARGUMATRIX - 20160523\X64\RELEASE\PLREASONER.PDB
F:\Codespace\BoostProject\argumatrix - 20160523\PlReasoner\x64\Release\pl_main.obj
F:\Codespace\BoostProject\argumatrix - 20160523\PlReasoner\x64\Release\cl.command.1.tlog
F:\Codespace\BoostProject\argumatrix - 20160523\PlReasoner\x64\Release\CL.read.1.tlog
F:\Codespace\BoostProject\argumatrix - 20160523\PlReasoner\x64\Release\CL.write.1.tlog
F:\Codespace\BoostProject\argumatrix - 20160523\PlReasoner\x64\Release\link-cvtres.read.1.tlog
F:\Codespace\BoostProject\argumatrix - 20160523\PlReasoner\x64\Release\link-cvtres.write.1.tlog
F:\Codespace\BoostProject\argumatrix - 20160523\PlReasoner\x64\Release\link-rc.read.1.tlog
F:\Codespace\BoostProject\argumatrix - 20160523\PlReasoner\x64\Release\link-rc.write.1.tlog
F:\Codespace\BoostProject\argumatrix - 20160523\PlReasoner\x64\Release\link.command.1.tlog
F:\Codespace\BoostProject\argumatrix - 20160523\PlReasoner\x64\Release\link.read.1.tlog
F:\Codespace\BoostProject\argumatrix - 20160523\PlReasoner\x64\Release\link.write.1.tlog
F:\Codespace\BoostProject\argumatrix - 20160523\PlReasoner\x64\Release\vc110.pdb
F:\Codespace\BoostProject\argumatrix - 20160523\x64\Release\PlReasoner.pdb
F:\Codespace\BoostProject\argumatrix - 20160523\x64\Release\PlReasoner.exe
